<?xml version="1.0" encoding="UTF-8"?>
<beans xmlns="http://www.springframework.org/schema/beans"
  xmlns:xsi="http://www.w3.org/2001/XMLSchema-instance"
  xsi:schemaLocation="http://www.springframework.org/schema/beans http://www.springframework.org/schema/beans/spring-beans-4.1.xsd">

  <import resource="classpath:/spring/spring-config.xml" />
  <import resource="classpath:/spring/servlet-config.xml" />

  <!-- db unit configuration -->
  <bean id="dbUnitDatabaseConfig" class="com.github.springtestdbunit.bean.DatabaseConfigBean">
    <property name="datatypeFactory">
      <bean class="org.dbunit.ext.postgresql.PostgresqlDataTypeFactory" />
    </property>
  </bean>

  <bean id="dbUnitDatabaseConnection"
    class="com.github.springtestdbunit.bean.DatabaseDataSourceConnectionFactoryBean">
    <property name="dataSource" ref="dataSource" />
    <property name="databaseConfig" ref="dbUnitDatabaseConfig" />
    <property name="schema" value="${database.defaultSchema}" />
  </bean>
</beans>
